2024-05-23 22:19:35,385| user admin try to authenticate
2024-05-23 22:19:35,385| user admin authentication error
2024-05-23 22:19:40,054| user admin try to authenticate
2024-05-23 22:20:59,070| user guest4 try to authenticate
2024-05-23 22:20:59,070| user guest4 authentication error
2024-05-23 22:21:06,134| user guest4 try to authenticate
2024-05-24 00:20:32,118| user testuser authentication error
2024-05-24 00:21:55,558| user testuser authentication error
2024-05-24 00:26:17,088| user testuser authentication error
2024-05-24 00:27:42,708| user testuser authentication error
2024-05-24 00:33:46,137| user testuser authentication error
2024-05-24 00:37:54,016| user testuser authentication error
2024-05-24 00:45:38,127| user testuser authentication error
2024-05-24 00:46:24,427| user testuser authentication error
2024-05-24 00:50:05,233| user testuser authentication error
2024-05-24 00:51:48,546| user testuser authentication error
2024-05-24 00:55:08,896| user testuser authentication error
2024-05-24 00:56:35,460| user testuser try to authenticate
2024-05-24 00:56:35,911| user invaliduser try to authenticate
2024-05-24 00:56:35,911| user invaliduser authentication error
2024-05-24 00:56:36,381| user testuser authentication error
2024-05-24 01:48:35,589| user admin try to authenticate
2024-05-24 09:19:22,657| user guest4 try to authenticate
2024-05-24 09:22:18,068| user employee1 try to authenticate
2024-05-24 09:23:19,454| user admin try to authenticate
